<?xml version="1.0" encoding="UTF-8"?>
<!-- Generated by org.testng.reporters.JUnitReportReporter -->
<testsuite hostname="ECF201-400" name="studentcal.accesscalendar.AccessCalendar" tests="2" failures="0" timestamp="17 Sep 2019 00:43:34 GMT" time="21.471" errors="0">
  <testcase name="login" time="11.894" classname="studentcal.accesscalendar.AccessCalendar"/>
  <testcase name="loginpage" time="9.577" classname="studentcal.accesscalendar.AccessCalendar"/>
</testsuite> <!-- studentcal.accesscalendar.AccessCalendar -->
