<?xml version="1.0" encoding="UTF-8"?>
<!-- Generated by org.testng.reporters.JUnitReportReporter -->
<testsuite hostname="ECF201-400" name="studentcal.calendartests.CalendarLandingPage" tests="4" failures="0" timestamp="22 Sep 2019 13:48:57 GMT" time="18.662" errors="0">
  <testcase name="login" time="13.514" classname="studentcal.calendartests.CalendarLandingPage"/>
  <testcase name="calendarviews" time="0.106" classname="studentcal.calendartests.CalendarLandingPage"/>
  <testcase name="currentmthcalendar" time="0.182" classname="studentcal.calendartests.CalendarLandingPage"/>
  <testcase name="loginpage" time="4.860" classname="studentcal.calendartests.CalendarLandingPage"/>
</testsuite> <!-- studentcal.calendartests.CalendarLandingPage -->
