<?xml version="1.0" encoding="UTF-8"?>
<!-- Generated by org.testng.reporters.JUnitReportReporter -->
<testsuite hostname="ECF201-400" name="studentcal.calendartests.CalendarLandingPageTest" tests="4" failures="0" timestamp="22 Sep 2019 23:45:33 GMT" time="16.699" errors="0">
  <testcase name="login" time="11.749" classname="studentcal.calendartests.CalendarLandingPageTest"/>
  <testcase name="calendarviews" time="0.106" classname="studentcal.calendartests.CalendarLandingPageTest"/>
  <testcase name="currentmthcalendar" time="0.175" classname="studentcal.calendartests.CalendarLandingPageTest"/>
  <testcase name="loginpage" time="4.669" classname="studentcal.calendartests.CalendarLandingPageTest"/>
</testsuite> <!-- studentcal.calendartests.CalendarLandingPageTest -->
