<?xml version="1.0" encoding="UTF-8"?>
<!-- Generated by org.testng.reporters.JUnitReportReporter -->
<testsuite hostname="ECF201-400" name="studentcal.pageobjectrepo.TestLogin" tests="1" failures="0" timestamp="16 Sep 2019 11:47:54 GMT" time="29.126" errors="0">
  <testcase name="login" time="29.126" classname="studentcal.pageobjectrepo.TestLogin"/>
</testsuite> <!-- studentcal.pageobjectrepo.TestLogin -->
