<?xml version="1.0" encoding="UTF-8"?>
<!-- Generated by org.testng.reporters.JUnitReportReporter -->
<testsuite hostname="ECF201-400" name="studentcal.accesscalendar.CalendarFilters" tests="1" failures="0" timestamp="20 Sep 2019 06:05:07 GMT" time="24.380" errors="0">
  <testcase name="filters" time="24.380" classname="studentcal.accesscalendar.CalendarFilters"/>
</testsuite> <!-- studentcal.accesscalendar.CalendarFilters -->
