<?xml version="1.0" encoding="UTF-8"?>
<!-- Generated by org.testng.reporters.JUnitReportReporter -->
<testsuite hostname="ECF201-400" name="studentcal.calendartests.CalendarFilterTest" tests="1" failures="0" timestamp="22 Sep 2019 23:45:33 GMT" time="34.600" errors="0">
  <testcase name="academiccalendar" time="34.600" classname="studentcal.calendartests.CalendarFilterTest"/>
</testsuite> <!-- studentcal.calendartests.CalendarFilterTest -->
