<?xml version="1.0" encoding="UTF-8"?>
<!-- Generated by org.testng.reporters.JUnitReportReporter -->
<testsuite hostname="ECF201-400" name="studentcal.accesscalendar.AccessCalendar" tests="3" failures="0" timestamp="19 Sep 2019 06:40:07 GMT" time="26.931" errors="0">
  <testcase name="login" time="11.702" classname="studentcal.accesscalendar.AccessCalendar"/>
  <testcase name="loginpage" time="9.023" classname="studentcal.accesscalendar.AccessCalendar"/>
  <testcase name="filters" time="6.206" classname="studentcal.accesscalendar.AccessCalendar"/>
</testsuite> <!-- studentcal.accesscalendar.AccessCalendar -->
