<?xml version="1.0" encoding="UTF-8"?>
<!-- Generated by org.testng.reporters.JUnitReportReporter -->
<testsuite hostname="ECF201-400" name="studentcal.accesscalendar.CalendarFilters" tests="1" failures="0" timestamp="22 Sep 2019 10:05:15 GMT" time="34.865" errors="0">
  <testcase name="filters" time="34.865" classname="studentcal.accesscalendar.CalendarFilters"/>
</testsuite> <!-- studentcal.accesscalendar.CalendarFilters -->
