<?xml version="1.0" encoding="UTF-8"?>
<!-- Generated by org.testng.reporters.JUnitReportReporter -->
<testsuite hostname="ECF201-400" name="studentcal.accesscalendar.CalendarLandingPage" tests="4" failures="0" timestamp="20 Sep 2019 05:21:16 GMT" time="20.962" errors="0">
  <testcase name="currentmthcalendar" time="0.199" classname="studentcal.accesscalendar.CalendarLandingPage"/>
  <testcase name="loginpage" time="9.261" classname="studentcal.accesscalendar.CalendarLandingPage"/>
  <testcase name="login" time="11.392" classname="studentcal.accesscalendar.CalendarLandingPage"/>
  <testcase name="calendarviews" time="0.110" classname="studentcal.accesscalendar.CalendarLandingPage"/>
</testsuite> <!-- studentcal.accesscalendar.CalendarLandingPage -->
