<?xml version="1.0" encoding="UTF-8"?>
<!-- Generated by org.testng.reporters.JUnitReportReporter -->
<testsuite hostname="ECF201-400" name="studentcal.accesscalendar.CalendarLandingPage" tests="4" failures="0" timestamp="20 Sep 2019 12:03:22 GMT" time="18.301" errors="0">
  <testcase name="currentmthcalendar" time="0.222" classname="studentcal.accesscalendar.CalendarLandingPage"/>
  <testcase name="loginpage" time="5.282" classname="studentcal.accesscalendar.CalendarLandingPage"/>
  <testcase name="login" time="12.685" classname="studentcal.accesscalendar.CalendarLandingPage"/>
  <testcase name="calendarviews" time="0.112" classname="studentcal.accesscalendar.CalendarLandingPage"/>
</testsuite> <!-- studentcal.accesscalendar.CalendarLandingPage -->
